11:54:51.810 [main]  INFO  com.intuit.karate - Karate version: 1.1.0
11:54:53.177 [main]  INFO  com.intuit.karate.Suite - backed up existing 'target/karate-reports' dir to: target/karate-reports_1660233293174
11:54:53.283 [main]  INFO  c.intuit.karate.core.FeatureRuntime - found scenario at line: 4
11:54:55.586 [main]  ERROR com.intuit.karate - src/test/java/task1.feature:5
Given URL 'http://34.238.241.255:8000/api'
no step-definition method match found for: URL 'http://34.238.241.255:8000/api'
src/test/java/task1.feature:5
11:54:59.503 [main]  INFO  com.intuit.karate.Suite - <<fail>> feature 1 of 1 (0 remaining) src/test/java/task1.feature
12:33:34.931 [main]  INFO  com.intuit.karate - Karate version: 1.2.0.RC4
12:33:36.072 [main]  INFO  com.intuit.karate.Suite - backed up existing 'target/karate-reports' dir to: target/karate-reports_1660235616072
12:33:36.239 [main]  INFO  c.intuit.karate.core.FeatureRuntime - found scenario at line: 5
12:33:38.982 [main]  ERROR com.intuit.karate - src/test/java/features/test.feature:6
Given 'http://34.238.241.255:8000/api/spartans'
no step-definition method match found for: 'http://34.238.241.255:8000/api/spartans'
src/test/java/features/test.feature:6
12:33:41.552 [main]  INFO  com.intuit.karate.Suite - <<fail>> feature 1 of 1 (0 remaining) src/test/java/features/test.feature
12:34:06.552 [main]  INFO  com.intuit.karate - Karate version: 1.2.0.RC4
12:34:07.698 [main]  INFO  com.intuit.karate.Suite - backed up existing 'target/karate-reports' dir to: target/karate-reports_1660235647697
12:34:07.774 [main]  INFO  c.intuit.karate.core.FeatureRuntime - found scenario at line: 5
12:34:09.924 [main]  ERROR com.intuit.karate - src/test/java/features/test.feature:6
Given URI 'http://34.238.241.255:8000/api/spartans'
no step-definition method match found for: URI 'http://34.238.241.255:8000/api/spartans'
src/test/java/features/test.feature:6
12:34:12.652 [main]  INFO  com.intuit.karate.Suite - <<fail>> feature 1 of 1 (0 remaining) src/test/java/features/test.feature
12:36:30.222 [main]  INFO  com.intuit.karate - Karate version: 1.2.0.RC4
12:36:31.214 [main]  INFO  com.intuit.karate.Suite - backed up existing 'target/karate-reports' dir to: target/karate-reports_1660235791214
12:36:31.316 [main]  INFO  c.intuit.karate.core.FeatureRuntime - found scenario at line: 5
12:36:35.001 [main]  DEBUG com.intuit.karate - request:
1 > GET http://34.238.241.255:8000/api/spartans
1 > Host: 34.238.241.255:8000
1 > Connection: Keep-Alive
1 > User-Agent: Apache-HttpClient/4.5.13 (Java/11.0.12)
1 > Accept-Encoding: gzip,deflate


12:36:35.135 [main]  DEBUG com.intuit.karate - response time in milliseconds: 126
1 < 200
1 < Content-Type: application/json
1 < Transfer-Encoding: chunked
1 < Date: Thu, 11 Aug 2022 16:36:21 GMT
1 < Keep-Alive: timeout=60
1 < Connection: keep-alive
[{"id":1,"name":"Meade","gender":"Male","phone":3584128232},{"id":2,"name":"Nels","gender":"Male","phone":4218971348},{"id":3,"name":"Fidole","gender":"Male","phone":6105035231},{"id":4,"name":"Paige","gender":"Female","phone":3786741487},{"id":5,"name":"Blythe","gender":"Female","phone":3677539542},{"id":6,"name":"Tedmund","gender":"Male","phone":2227140732},{"id":7,"name":"Hershel","gender":"Male","phone":5278678322},{"id":8,"name":"Rodolfo","gender":"Male","phone":9601637574},{"id":9,"name":"Florrie","gender":"Female","phone":1702025787},{"id":10,"name":"Lorenza","gender":"Female","phone":3312820936},{"id":11,"name":"Nona","gender":"Female","phone":7959094216},{"id":12,"name":"Sol","gender":"Male","phone":7006438852},{"id":13,"name":"Jaimie","gender":"Female","phone":7842554879},{"id":14,"name":"Grenville","gender":"Male","phone":1065669615},{"id":15,"name":"Meta","gender":"Female","phone":1938695106},{"id":16,"name":"Sinclair","gender":"Male","phone":9714460354},{"id":17,"name":"Wash","gender":"Male","phone":4978976378},{"id":18,"name":"Allen","gender":"Male","phone":8716150217},{"id":19,"name":"Bunnie","gender":"Female","phone":7662992732},{"id":20,"name":"Lothario","gender":"Male","phone":7551551687},{"id":21,"name":"Mark","gender":"Male","phone":1852873386},{"id":22,"name":"Koenraad","gender":"Male","phone":8451740840},{"id":23,"name":"Mervin","gender":"Male","phone":9098436816},{"id":24,"name":"Julio","gender":"Male","phone":9393139934},{"id":25,"name":"Valentin","gender":"Male","phone":1536037088},{"id":26,"name":"Correy","gender":"Female","phone":7823876031},{"id":27,"name":"Jeanelle","gender":"Female","phone":6662999903},{"id":28,"name":"Woodrow","gender":"Male","phone":7411659821},{"id":29,"name":"Dorelle","gender":"Female","phone":6687391932},{"id":30,"name":"Melania","gender":"Female","phone":8916944276},{"id":31,"name":"Maressa","gender":"Female","phone":2018031787},{"id":32,"name":"Tessie","gender":"Female","phone":9545879168},{"id":33,"name":"Wilek","gender":"Male","phone":2877865902},{"id":34,"name":"Tucky","gender":"Male","phone":2935099804},{"id":35,"name":"Gardiner","gender":"Male","phone":3751113352},{"id":36,"name":"Sylas","gender":"Male","phone":9853891474},{"id":37,"name":"Grannie","gender":"Male","phone":1075127669},{"id":38,"name":"Juan","gender":"Male","phone":9614487605},{"id":39,"name":"Eveleen","gender":"Female","phone":1362642898},{"id":40,"name":"Druci","gender":"Female","phone":4507606768},{"id":41,"name":"Rosy","gender":"Female","phone":6721964988},{"id":42,"name":"Atlante","gender":"Female","phone":4579688654},{"id":43,"name":"Reid","gender":"Male","phone":8833893900},{"id":44,"name":"Panchito","gender":"Male","phone":7486765293},{"id":45,"name":"Heddie","gender":"Female","phone":1271425843},{"id":46,"name":"Delora","gender":"Female","phone":4115324496},{"id":47,"name":"Domenic","gender":"Male","phone":3952704485},{"id":48,"name":"Wyatt","gender":"Male","phone":7682768714},{"id":49,"name":"Reinaldo","gender":"Male","phone":3623233145},{"id":50,"name":"Jennica","gender":"Female","phone":6986436734},{"id":51,"name":"Padriac","gender":"Male","phone":8444611168},{"id":52,"name":"Tome","gender":"Male","phone":5654109704},{"id":53,"name":"Berna","gender":"Female","phone":2072918455},{"id":54,"name":"Bevon","gender":"Male","phone":9831834168},{"id":55,"name":"Karmen","gender":"Female","phone":5052029186},{"id":56,"name":"Ewan","gender":"Male","phone":5733729948},{"id":57,"name":"Freida","gender":"Female","phone":5712679899},{"id":58,"name":"Alfy","gender":"Female","phone":6529078662},{"id":59,"name":"Mickey","gender":"Male","phone":8775768925},{"id":60,"name":"Elisabeth","gender":"Female","phone":8165224005},{"id":61,"name":"Earlie","gender":"Male","phone":5709633007},{"id":62,"name":"Robinia","gender":"Female","phone":3542611707},{"id":63,"name":"Clayton","gender":"Male","phone":1782167106},{"id":64,"name":"Putnam","gender":"Male","phone":6744135688},{"id":65,"name":"Sean","gender":"Male","phone":8566508311},{"id":66,"name":"Quentin","gender":"Male","phone":3159018391},{"id":67,"name":"Janette","gender":"Female","phone":9887020445},{"id":68,"name":"Adda","gender":"Female","phone":5361981152},{"id":69,"name":"Elinor","gender":"Female","phone":3161765672},{"id":70,"name":"Abbey","gender":"Male","phone":1259516767},{"id":71,"name":"Collen","gender":"Female","phone":9614634242},{"id":72,"name":"Orion","gender":"Male","phone":7485352272},{"id":73,"name":"Amalita","gender":"Female","phone":2663607211},{"id":74,"name":"Chen","gender":"Male","phone":9537864587},{"id":75,"name":"Leland","gender":"Female","phone":9672110769},{"id":76,"name":"Arnie","gender":"Male","phone":4541117370},{"id":77,"name":"Stevana","gender":"Female","phone":1459126818},{"id":78,"name":"Cob","gender":"Male","phone":1853354209},{"id":79,"name":"Philis","gender":"Female","phone":2277085963},{"id":80,"name":"Jocelin","gender":"Female","phone":4299058649},{"id":81,"name":"Georgianne","gender":"Female","phone":9594130239},{"id":82,"name":"Catie","gender":"Female","phone":4758237746},{"id":83,"name":"Franky","gender":"Male","phone":7647130621},{"id":84,"name":"Saw","gender":"Male","phone":2673833440},{"id":85,"name":"Ingamar","gender":"Male","phone":6835038785},{"id":86,"name":"Brook","gender":"Female","phone":2655095364},{"id":87,"name":"Fenelia","gender":"Female","phone":6475942543},{"id":88,"name":"Julie","gender":"Male","phone":1279288759},{"id":89,"name":"Adan","gender":"Male","phone":8055782975},{"id":90,"name":"Rhianon","gender":"Female","phone":5225172555},{"id":91,"name":"Jaquenetta","gender":"Female","phone":7338210388},{"id":92,"name":"Caitlin","gender":"Female","phone":6911121800},{"id":93,"name":"Chanda","gender":"Female","phone":9289012086},{"id":94,"name":"Marylee","gender":"Female","phone":6385380284},{"id":95,"name":"Lilias","gender":"Female","phone":5986446659},{"id":96,"name":"Abie","gender":"Male","phone":1788387111},{"id":97,"name":"Saleem","gender":"Male","phone":6586151920},{"id":98,"name":"Elita","gender":"Female","phone":1042902741},{"id":99,"name":"Adair","gender":"Male","phone":3154964396},{"id":100,"name":"Terence","gender":"Male","phone":1311814806}]

12:36:37.240 [main]  INFO  com.intuit.karate.Suite - <<pass>> feature 1 of 1 (0 remaining) src/test/java/features/test.feature
12:46:55.833 [main]  INFO  com.intuit.karate - Karate version: 1.2.0.RC4
12:46:57.275 [main]  INFO  com.intuit.karate.Suite - backed up existing 'target/karate-reports' dir to: target/karate-reports_1660236417260
12:46:57.396 [main]  INFO  c.intuit.karate.core.FeatureRuntime - found scenario at line: 14
12:47:00.703 [main]  ERROR com.intuit.karate - src/test/java/features/test.feature:16
And param = 2
no step-definition method match found for: param = 2
src/test/java/features/test.feature:16
12:47:04.118 [main]  INFO  com.intuit.karate.Suite - <<fail>> feature 1 of 1 (0 remaining) src/test/java/features/test.feature
12:47:31.967 [main]  INFO  com.intuit.karate - Karate version: 1.2.0.RC4
12:47:33.065 [main]  INFO  com.intuit.karate.Suite - backed up existing 'target/karate-reports' dir to: target/karate-reports_1660236453064
12:47:33.140 [main]  INFO  c.intuit.karate.core.FeatureRuntime - found scenario at line: 14
12:47:36.716 [main]  DEBUG com.intuit.karate - request:
1 > GET http://34.238.241.255:8000/api/spartans/:id?page=2
1 > Accept: application/json
1 > Host: 34.238.241.255:8000
1 > Connection: Keep-Alive
1 > User-Agent: Apache-HttpClient/4.5.13 (Java/11.0.12)
1 > Accept-Encoding: gzip,deflate


12:47:37.012 [main]  DEBUG com.intuit.karate - response time in milliseconds: 290
1 < 404
1 < Content-Type: application/json
1 < Transfer-Encoding: chunked
1 < Date: Thu, 11 Aug 2022 16:47:23 GMT
1 < Keep-Alive: timeout=60
1 < Connection: keep-alive
{"timestamp":"2022-08-11T16:47:23.457+00:00","status":404,"error":"Not Found","message":"","path":"/api/spartans/:id"}

12:47:37.078 [main]  ERROR com.intuit.karate - src/test/java/features/test.feature:18
Then status 200
status code was: 404, expected: 200, response time in milliseconds: 290, url: http://34.238.241.255:8000/api/spartans/:id?page=2, response: 
{"timestamp":"2022-08-11T16:47:23.457+00:00","status":404,"error":"Not Found","message":"","path":"/api/spartans/:id"}
src/test/java/features/test.feature:18
12:47:40.120 [main]  INFO  com.intuit.karate.Suite - <<fail>> feature 1 of 1 (0 remaining) src/test/java/features/test.feature
12:48:27.068 [main]  INFO  com.intuit.karate - Karate version: 1.2.0.RC4
12:48:28.464 [main]  INFO  com.intuit.karate.Suite - backed up existing 'target/karate-reports' dir to: target/karate-reports_1660236508464
12:48:28.623 [main]  INFO  c.intuit.karate.core.FeatureRuntime - found scenario at line: 14
12:48:32.142 [main]  DEBUG com.intuit.karate - request:
1 > GET http://34.238.241.255:8000/api/spartans/2
1 > Accept: application/json
1 > Host: 34.238.241.255:8000
1 > Connection: Keep-Alive
1 > User-Agent: Apache-HttpClient/4.5.13 (Java/11.0.12)
1 > Accept-Encoding: gzip,deflate


12:48:32.314 [main]  DEBUG com.intuit.karate - response time in milliseconds: 170
1 < 200
1 < Content-Type: application/json
1 < Transfer-Encoding: chunked
1 < Date: Thu, 11 Aug 2022 16:48:18 GMT
1 < Keep-Alive: timeout=60
1 < Connection: keep-alive
{"id":2,"name":"Nels","gender":"Male","phone":4218971348}

12:48:34.622 [main]  INFO  com.intuit.karate.Suite - <<pass>> feature 1 of 1 (0 remaining) src/test/java/features/test.feature
13:02:35.798 [main]  INFO  com.intuit.karate - Karate version: 1.2.0.RC4
13:02:37.413 [main]  INFO  com.intuit.karate.Suite - backed up existing 'target/karate-reports' dir to: target/karate-reports_1660237357409
13:02:37.722 [main]  INFO  c.intuit.karate.core.FeatureRuntime - found scenario at line: 17
13:02:42.096 [main]  ERROR com.intuit.karate - src/test/java/features/test2.feature:15
* header Accept 'application/json'
no step-definition method match found for: header Accept 'application/json'
src/test/java/features/test2.feature:15
13:02:44.479 [main]  INFO  com.intuit.karate.Suite - <<fail>> feature 1 of 1 (0 remaining) src/test/java/features/test2.feature
13:03:14.606 [main]  INFO  com.intuit.karate - Karate version: 1.2.0.RC4
13:03:15.811 [main]  INFO  com.intuit.karate.Suite - backed up existing 'target/karate-reports' dir to: target/karate-reports_1660237395793
13:03:19.047 [main]  ERROR com.intuit.karate - src/test/java/features/test2.feature:16
* header Accept 'application/json'
no step-definition method match found for: header Accept 'application/json'
src/test/java/features/test2.feature:16
13:03:21.264 [main]  INFO  com.intuit.karate.Suite - <<fail>> feature 1 of 1 (0 remaining) src/test/java/features/test2.feature
13:04:38.557 [main]  INFO  com.intuit.karate - Karate version: 1.2.0.RC4
13:04:40.961 [main]  INFO  com.intuit.karate.Suite - backed up existing 'target/karate-reports' dir to: target/karate-reports_1660237480960
13:04:44.217 [main]  ERROR com.intuit.karate - src/test/java/features/test2.feature:22
Then status 200
java.lang.NullPointerException
src/test/java/features/test2.feature:22
13:04:47.730 [main]  INFO  com.intuit.karate.Suite - <<fail>> feature 1 of 1 (0 remaining) src/test/java/features/test2.feature
13:06:30.819 [main]  INFO  com.intuit.karate - Karate version: 1.2.0.RC4
13:06:32.121 [main]  INFO  com.intuit.karate.Suite - backed up existing 'target/karate-reports' dir to: target/karate-reports_1660237592113
13:06:32.260 [main]  INFO  c.intuit.karate.core.FeatureRuntime - found scenario at line: 18
13:06:35.903 [main]  ERROR com.intuit.karate - src/test/java/features/test2.feature:21
Then status 200
java.lang.NullPointerException
src/test/java/features/test2.feature:21
13:06:38.684 [main]  INFO  com.intuit.karate.Suite - <<fail>> feature 1 of 1 (0 remaining) src/test/java/features/test2.feature
13:07:31.246 [main]  INFO  com.intuit.karate - Karate version: 1.2.0.RC4
13:07:32.308 [main]  INFO  com.intuit.karate.Suite - backed up existing 'target/karate-reports' dir to: target/karate-reports_1660237652307
13:07:32.457 [main]  INFO  c.intuit.karate.core.FeatureRuntime - found scenario at line: 18
13:07:36.621 [main]  DEBUG com.intuit.karate - request:
1 > GET http://34.238.241.255:8000/api/spartans/search?nameContains=e&gender=Female
1 > Accept: application/json
1 > Host: 34.238.241.255:8000
1 > Connection: Keep-Alive
1 > User-Agent: Apache-HttpClient/4.5.13 (Java/11.0.12)
1 > Accept-Encoding: gzip,deflate


13:07:37.080 [main]  DEBUG com.intuit.karate - response time in milliseconds: 454
1 < 200
1 < Content-Type: application/json
1 < Transfer-Encoding: chunked
1 < Date: Thu, 11 Aug 2022 17:07:23 GMT
1 < Keep-Alive: timeout=60
1 < Connection: keep-alive
{"content":[{"id":4,"name":"Paige","gender":"Female","phone":3786741487},{"id":5,"name":"Blythe","gender":"Female","phone":3677539542},{"id":9,"name":"Florrie","gender":"Female","phone":1702025787},{"id":10,"name":"Lorenza","gender":"Female","phone":3312820936},{"id":13,"name":"Jaimie","gender":"Female","phone":7842554879},{"id":15,"name":"Meta","gender":"Female","phone":1938695106},{"id":19,"name":"Bunnie","gender":"Female","phone":7662992732},{"id":26,"name":"Correy","gender":"Female","phone":7823876031},{"id":27,"name":"Jeanelle","gender":"Female","phone":6662999903},{"id":29,"name":"Dorelle","gender":"Female","phone":6687391932},{"id":30,"name":"Melania","gender":"Female","phone":8916944276},{"id":31,"name":"Maressa","gender":"Female","phone":2018031787},{"id":32,"name":"Tessie","gender":"Female","phone":9545879168},{"id":39,"name":"Eveleen","gender":"Female","phone":1362642898},{"id":42,"name":"Atlante","gender":"Female","phone":4579688654},{"id":45,"name":"Heddie","gender":"Female","phone":1271425843},{"id":46,"name":"Delora","gender":"Female","phone":4115324496},{"id":50,"name":"Jennica","gender":"Female","phone":6986436734},{"id":53,"name":"Berna","gender":"Female","phone":2072918455},{"id":55,"name":"Karmen","gender":"Female","phone":5052029186},{"id":57,"name":"Freida","gender":"Female","phone":5712679899},{"id":60,"name":"Elisabeth","gender":"Female","phone":8165224005},{"id":67,"name":"Janette","gender":"Female","phone":9887020445},{"id":69,"name":"Elinor","gender":"Female","phone":3161765672},{"id":71,"name":"Collen","gender":"Female","phone":9614634242},{"id":75,"name":"Leland","gender":"Female","phone":9672110769},{"id":77,"name":"Stevana","gender":"Female","phone":1459126818},{"id":80,"name":"Jocelin","gender":"Female","phone":4299058649},{"id":81,"name":"Georgianne","gender":"Female","phone":9594130239},{"id":82,"name":"Catie","gender":"Female","phone":4758237746},{"id":87,"name":"Fenelia","gender":"Female","phone":6475942543},{"id":91,"name":"Jaquenetta","gender":"Female","phone":7338210388},{"id":94,"name":"Marylee","gender":"Female","phone":6385380284},{"id":98,"name":"Elita","gender":"Female","phone":1042902741}],"totalElement":34}

13:07:37.318 [main]  INFO  com.intuit.karate - [print] {
  "content": [
    {
      "id": 4,
      "name": "Paige",
      "gender": "Female",
      "phone": 3786741487
    },
    {
      "id": 5,
      "name": "Blythe",
      "gender": "Female",
      "phone": 3677539542
    },
    {
      "id": 9,
      "name": "Florrie",
      "gender": "Female",
      "phone": 1702025787
    },
    {
      "id": 10,
      "name": "Lorenza",
      "gender": "Female",
      "phone": 3312820936
    },
    {
      "id": 13,
      "name": "Jaimie",
      "gender": "Female",
      "phone": 7842554879
    },
    {
      "id": 15,
      "name": "Meta",
      "gender": "Female",
      "phone": 1938695106
    },
    {
      "id": 19,
      "name": "Bunnie",
      "gender": "Female",
      "phone": 7662992732
    },
    {
      "id": 26,
      "name": "Correy",
      "gender": "Female",
      "phone": 7823876031
    },
    {
      "id": 27,
      "name": "Jeanelle",
      "gender": "Female",
      "phone": 6662999903
    },
    {
      "id": 29,
      "name": "Dorelle",
      "gender": "Female",
      "phone": 6687391932
    },
    {
      "id": 30,
      "name": "Melania",
      "gender": "Female",
      "phone": 8916944276
    },
    {
      "id": 31,
      "name": "Maressa",
      "gender": "Female",
      "phone": 2018031787
    },
    {
      "id": 32,
      "name": "Tessie",
      "gender": "Female",
      "phone": 9545879168
    },
    {
      "id": 39,
      "name": "Eveleen",
      "gender": "Female",
      "phone": 1362642898
    },
    {
      "id": 42,
      "name": "Atlante",
      "gender": "Female",
      "phone": 4579688654
    },
    {
      "id": 45,
      "name": "Heddie",
      "gender": "Female",
      "phone": 1271425843
    },
    {
      "id": 46,
      "name": "Delora",
      "gender": "Female",
      "phone": 4115324496
    },
    {
      "id": 50,
      "name": "Jennica",
      "gender": "Female",
      "phone": 6986436734
    },
    {
      "id": 53,
      "name": "Berna",
      "gender": "Female",
      "phone": 2072918455
    },
    {
      "id": 55,
      "name": "Karmen",
      "gender": "Female",
      "phone": 5052029186
    },
    {
      "id": 57,
      "name": "Freida",
      "gender": "Female",
      "phone": 5712679899
    },
    {
      "id": 60,
      "name": "Elisabeth",
      "gender": "Female",
      "phone": 8165224005
    },
    {
      "id": 67,
      "name": "Janette",
      "gender": "Female",
      "phone": 9887020445
    },
    {
      "id": 69,
      "name": "Elinor",
      "gender": "Female",
      "phone": 3161765672
    },
    {
      "id": 71,
      "name": "Collen",
      "gender": "Female",
      "phone": 9614634242
    },
    {
      "id": 75,
      "name": "Leland",
      "gender": "Female",
      "phone": 9672110769
    },
    {
      "id": 77,
      "name": "Stevana",
      "gender": "Female",
      "phone": 1459126818
    },
    {
      "id": 80,
      "name": "Jocelin",
      "gender": "Female",
      "phone": 4299058649
    },
    {
      "id": 81,
      "name": "Georgianne",
      "gender": "Female",
      "phone": 9594130239
    },
    {
      "id": 82,
      "name": "Catie",
      "gender": "Female",
      "phone": 4758237746
    },
    {
      "id": 87,
      "name": "Fenelia",
      "gender": "Female",
      "phone": 6475942543
    },
    {
      "id": 91,
      "name": "Jaquenetta",
      "gender": "Female",
      "phone": 7338210388
    },
    {
      "id": 94,
      "name": "Marylee",
      "gender": "Female",
      "phone": 6385380284
    },
    {
      "id": 98,
      "name": "Elita",
      "gender": "Female",
      "phone": 1042902741
    }
  ],
  "totalElement": 34
}
 
13:07:39.809 [main]  INFO  com.intuit.karate.Suite - <<pass>> feature 1 of 1 (0 remaining) src/test/java/features/test2.feature
